<?xml version="1.0" encoding="UTF-8"?>
<testng-results skipped="0" failed="0" ignored="0" total="1" passed="1">
  <reporter-output>
  </reporter-output>
  <suite name="Suite" duration-ms="13673" started-at="2019-12-31T07:08:34Z" finished-at="2019-12-31T07:08:48Z">
    <groups>
    </groups>
    <test name="Test" duration-ms="13673" started-at="2019-12-31T07:08:34Z" finished-at="2019-12-31T07:08:48Z">
      <class name="com.qa.tests.TC_Login">
        <test-method status="PASS" signature="lognmethod()[pri:0, instance:com.qa.tests.TC_Login@40e6dfe1]" name="lognmethod" duration-ms="13609" started-at="2019-12-31T07:08:35Z" finished-at="2019-12-31T07:08:48Z">
          <reporter-output>
          </reporter-output>
        </test-method> <!-- lognmethod -->
      </class> <!-- com.qa.tests.TC_Login -->
    </test> <!-- Test -->
  </suite> <!-- Suite -->
</testng-results>
